<?xml version="1.0" encoding="UTF-8"?>
<testng-results total="1" passed="1" failed="0" skipped="0">
  <reporter-output>
  </reporter-output>
  <suite started-at="2023-01-10T12:48:26Z" name="Default suite" finished-at="2023-01-10T12:49:31Z" duration-ms="64807">
    <groups>
    </groups>
    <test started-at="2023-01-10T12:48:26Z" name="Default test" finished-at="2023-01-10T12:49:31Z" duration-ms="64807">
      <class name="com.steps.Scenario5">
        <test-method is-config="true" signature="launchBrowser()" started-at="2023-01-10T12:48:26Z" name="launchBrowser" finished-at="2023-01-10T12:48:34Z" duration-ms="7160" status="PASS">
        </test-method>
        <test-method signature="Scenario()" started-at="2023-01-10T12:48:34Z" name="Scenario" finished-at="2023-01-10T12:49:31Z" duration-ms="57639" status="PASS">
        </test-method>
      </class>
    </test>
  </suite>
</testng-results>
